2026-02-01 03:19:39,507 - INFO - ================================================================================
2026-02-01 03:19:39,507 - INFO - Starting Robust WhisperX Transcriber
2026-02-01 03:19:39,508 - INFO - Output directory: C:\Users\Prafa\CODE\transcriber\output
2026-02-01 03:19:39,508 - INFO - ================================================================================
2026-02-01 03:19:39,508 - INFO - Importing whisperx (this may take a moment)...
2026-02-01 03:19:41,963 - INFO - Found 1 audio file(s)
2026-02-01 03:19:41,963 - INFO - 
Loading Whisper model...
2026-02-01 03:19:41,964 - INFO -   (First time may take 2-3 minutes and download ~75MB)
2026-02-01 03:19:49,772 - DEBUG - Registered checkpoint save hook for _speechbrain_save
2026-02-01 03:19:49,773 - DEBUG - Registered checkpoint load hook for _speechbrain_load
2026-02-01 03:19:49,773 - DEBUG - Registered checkpoint save hook for save
2026-02-01 03:19:49,773 - DEBUG - Registered checkpoint load hook for load
2026-02-01 03:19:50,202 - INFO - Applied quirks (see `speechbrain.utils.quirks`): [allow_tf32, disable_jit_profiling]
2026-02-01 03:19:50,202 - INFO - Excluded quirks specified by the `SB_DISABLE_QUIRKS` environment (comma-separated list): []
2026-02-01 03:19:50,204 - DEBUG - Registered checkpoint save hook for _save
2026-02-01 03:19:50,204 - DEBUG - Registered checkpoint load hook for _recover
2026-02-01 03:19:52,190 - INFO - Lightning automatically upgraded your loaded checkpoint from v1.5.4 to v2.6.1. To apply the upgrade to your files permanently, run `python -m pytorch_lightning.utilities.upgrade_checkpoint C:\Users\Prafa\CODE\transcriber\.venv\Lib\site-packages\whisperx\assets\pytorch_model.bin`
2026-02-01 03:19:52,243 - INFO - 
[1/1] Transcribing: Caleb & Jenna2
2026-02-01 03:19:52,243 - INFO -   Audio file: 19.2 MB
2026-02-01 03:19:52,243 - INFO -   Running transcription...
2026-02-01 03:19:52,250 - ERROR -   ERROR: [WinError 2] The system cannot find the file specified
Traceback (most recent call last):
  File "C:\Users\Prafa\CODE\transcriber\transcribe_robust.py", line 101, in transcribe
    result = model.transcribe(str(audio_path), batch_size=BATCH_SIZE)
  File "C:\Users\Prafa\CODE\transcriber\.venv\Lib\site-packages\whisperx\asr.py", line 205, in transcribe
    audio = load_audio(audio)
  File "C:\Users\Prafa\CODE\transcriber\.venv\Lib\site-packages\whisperx\audio.py", line 61, in load_audio
    out = subprocess.run(cmd, capture_output=True, check=True).stdout
          ~~~~~~~~~~~~~~^^^^^^^^^^^^^^^^^^^^^^^^^^^^^^^^^^^^^^
  File "C:\Python313\Lib\subprocess.py", line 554, in run
    with Popen(*popenargs, **kwargs) as process:
         ~~~~~^^^^^^^^^^^^^^^^^^^^^^
  File "C:\Python313\Lib\subprocess.py", line 1039, in __init__
    self._execute_child(args, executable, preexec_fn, close_fds,
    ~~~~~~~~~~~~~~~~~~~^^^^^^^^^^^^^^^^^^^^^^^^^^^^^^^^^^^^^^^^^
                        pass_fds, cwd, env,
                        ^^^^^^^^^^^^^^^^^^^
    ...<5 lines>...
                        gid, gids, uid, umask,
                        ^^^^^^^^^^^^^^^^^^^^^^
                        start_new_session, process_group)
                        ^^^^^^^^^^^^^^^^^^^^^^^^^^^^^^^^^
  File "C:\Python313\Lib\subprocess.py", line 1554, in _execute_child
    hp, ht, pid, tid = _winapi.CreateProcess(executable, args,
                       ~~~~~~~~~~~~~~~~~~~~~^^^^^^^^^^^^^^^^^^
                             # no special security
                             ^^^^^^^^^^^^^^^^^^^^^
    ...<4 lines>...
                             cwd,
                             ^^^^
                             startupinfo)
                             ^^^^^^^^^^^^
FileNotFoundError: [WinError 2] The system cannot find the file specified
2026-02-01 03:19:52,256 - INFO - 
================================================================================
2026-02-01 03:19:52,258 - INFO - ================================================================================
2026-02-01 03:20:10,978 - INFO - ================================================================================
2026-02-01 03:20:10,979 - INFO - Starting WhisperX Transcriber (No FFmpeg)
2026-02-01 03:20:10,979 - INFO - ================================================================================
2026-02-01 03:20:10,979 - INFO - 
1. Importing libraries...
2026-02-01 03:20:13,405 - INFO -    Libraries imported OK
2026-02-01 03:20:13,406 - INFO - 
2. Found 1 audio file(s)
2026-02-01 03:20:13,406 - INFO - 
3. Loading Whisper model...
2026-02-01 03:20:20,131 - DEBUG - Registered checkpoint save hook for _speechbrain_save
2026-02-01 03:20:20,132 - DEBUG - Registered checkpoint load hook for _speechbrain_load
2026-02-01 03:20:20,132 - DEBUG - Registered checkpoint save hook for save
2026-02-01 03:20:20,133 - DEBUG - Registered checkpoint load hook for load
2026-02-01 03:20:20,560 - INFO - Applied quirks (see `speechbrain.utils.quirks`): [disable_jit_profiling, allow_tf32]
2026-02-01 03:20:20,561 - INFO - Excluded quirks specified by the `SB_DISABLE_QUIRKS` environment (comma-separated list): []
2026-02-01 03:20:20,562 - DEBUG - Registered checkpoint save hook for _save
2026-02-01 03:20:20,562 - DEBUG - Registered checkpoint load hook for _recover
2026-02-01 03:20:22,554 - INFO - Lightning automatically upgraded your loaded checkpoint from v1.5.4 to v2.6.1. To apply the upgrade to your files permanently, run `python -m pytorch_lightning.utilities.upgrade_checkpoint C:\Users\Prafa\CODE\transcriber\.venv\Lib\site-packages\whisperx\assets\pytorch_model.bin`
2026-02-01 03:20:22,584 - INFO -    Model loaded OK
2026-02-01 03:20:22,584 - INFO - 
4.1 Transcribing: Caleb & Jenna2
2026-02-01 03:20:22,585 - INFO -    Loading audio with librosa...
2026-02-01 03:20:25,357 - INFO -    Loaded: 10089858 samples at 16000Hz (~631s)
2026-02-01 03:20:25,401 - INFO -    Transcribing with Whisper...
2026-02-01 03:20:25,407 - ERROR -    ERROR: [WinError 2] The system cannot find the file specified
Traceback (most recent call last):
  File "C:\Users\Prafa\CODE\transcriber\transcribe_no_ffmpeg.py", line 87, in transcribe
    result = model.transcribe(str(audio_path), batch_size=4)
  File "C:\Users\Prafa\CODE\transcriber\.venv\Lib\site-packages\whisperx\asr.py", line 205, in transcribe
    audio = load_audio(audio)
  File "C:\Users\Prafa\CODE\transcriber\.venv\Lib\site-packages\whisperx\audio.py", line 61, in load_audio
    out = subprocess.run(cmd, capture_output=True, check=True).stdout
          ~~~~~~~~~~~~~~^^^^^^^^^^^^^^^^^^^^^^^^^^^^^^^^^^^^^^
  File "C:\Python313\Lib\subprocess.py", line 554, in run
    with Popen(*popenargs, **kwargs) as process:
         ~~~~~^^^^^^^^^^^^^^^^^^^^^^
  File "C:\Python313\Lib\subprocess.py", line 1039, in __init__
    self._execute_child(args, executable, preexec_fn, close_fds,
    ~~~~~~~~~~~~~~~~~~~^^^^^^^^^^^^^^^^^^^^^^^^^^^^^^^^^^^^^^^^^
                        pass_fds, cwd, env,
                        ^^^^^^^^^^^^^^^^^^^
    ...<5 lines>...
                        gid, gids, uid, umask,
                        ^^^^^^^^^^^^^^^^^^^^^^
                        start_new_session, process_group)
                        ^^^^^^^^^^^^^^^^^^^^^^^^^^^^^^^^^
  File "C:\Python313\Lib\subprocess.py", line 1554, in _execute_child
    hp, ht, pid, tid = _winapi.CreateProcess(executable, args,
                       ~~~~~~~~~~~~~~~~~~~~~^^^^^^^^^^^^^^^^^^
                             # no special security
                             ^^^^^^^^^^^^^^^^^^^^^
    ...<4 lines>...
                             cwd,
                             ^^^^
                             startupinfo)
                             ^^^^^^^^^^^^
FileNotFoundError: [WinError 2] The system cannot find the file specified
2026-02-01 03:20:25,411 - INFO - 
================================================================================
2026-02-01 03:20:25,411 - INFO - Transcription complete!
2026-02-01 03:20:25,411 - INFO - ================================================================================
2026-02-01 03:24:47,471 - INFO - ================================================================================
2026-02-01 03:24:47,471 - INFO - Starting Robust WhisperX Transcriber
2026-02-01 03:24:47,472 - INFO - Output directory: C:\Users\Prafa\CODE\transcriber\output
2026-02-01 03:24:47,472 - INFO - ================================================================================
2026-02-01 03:24:47,472 - INFO - Importing whisperx (this may take a moment)...
2026-02-01 03:24:51,079 - INFO - Found 1 audio file(s)
2026-02-01 03:24:51,079 - INFO - 
Loading Whisper model...
2026-02-01 03:24:51,080 - INFO -   (First time may take 2-3 minutes and download ~75MB)
2026-02-01 03:25:03,949 - DEBUG - Registered checkpoint save hook for _speechbrain_save
2026-02-01 03:25:03,950 - DEBUG - Registered checkpoint load hook for _speechbrain_load
2026-02-01 03:25:03,950 - DEBUG - Registered checkpoint save hook for save
2026-02-01 03:25:03,951 - DEBUG - Registered checkpoint load hook for load
2026-02-01 03:25:04,590 - INFO - Applied quirks (see `speechbrain.utils.quirks`): [disable_jit_profiling, allow_tf32]
2026-02-01 03:25:04,591 - INFO - Excluded quirks specified by the `SB_DISABLE_QUIRKS` environment (comma-separated list): []
2026-02-01 03:25:04,593 - DEBUG - Registered checkpoint save hook for _save
2026-02-01 03:25:04,593 - DEBUG - Registered checkpoint load hook for _recover
2026-02-01 03:25:07,185 - INFO - Lightning automatically upgraded your loaded checkpoint from v1.5.4 to v2.6.1. To apply the upgrade to your files permanently, run `python -m pytorch_lightning.utilities.upgrade_checkpoint C:\Users\Prafa\CODE\transcriber\.venv\Lib\site-packages\whisperx\assets\pytorch_model.bin`
2026-02-01 03:25:07,248 - INFO - 
[1/1] Transcribing: Caleb & Jenna2
2026-02-01 03:25:07,249 - INFO -   Audio file: 19.2 MB
2026-02-01 03:25:07,249 - INFO -   Running transcription...
2026-02-01 03:25:48,689 - INFO -   Saved JSON
2026-02-01 03:25:48,690 - INFO -   Saved TXT
2026-02-01 03:25:48,692 - INFO - 
================================================================================
2026-02-01 03:25:48,694 - INFO - ================================================================================
2026-02-01 03:36:34,821 - INFO - ================================================================================
2026-02-01 03:36:34,822 - INFO - Starting Robust WhisperX Transcriber
2026-02-01 03:36:34,822 - INFO - Output directory: C:\Users\Prafa\CODE\transcriber\output
2026-02-01 03:36:34,822 - INFO - ================================================================================
2026-02-01 03:36:34,823 - INFO - Importing whisperx (this may take a moment)...
2026-02-01 03:36:37,951 - INFO - Found 1 audio file(s)
2026-02-01 03:36:37,951 - INFO - 
Loading Whisper model...
2026-02-01 03:36:37,952 - INFO -   (First time may take 2-3 minutes and download ~75MB)
2026-02-01 03:36:47,778 - DEBUG - Registered checkpoint save hook for _speechbrain_save
2026-02-01 03:36:47,778 - DEBUG - Registered checkpoint load hook for _speechbrain_load
2026-02-01 03:36:47,779 - DEBUG - Registered checkpoint save hook for save
2026-02-01 03:36:47,779 - DEBUG - Registered checkpoint load hook for load
2026-02-01 03:36:48,250 - INFO - Applied quirks (see `speechbrain.utils.quirks`): [disable_jit_profiling, allow_tf32]
2026-02-01 03:36:48,251 - INFO - Excluded quirks specified by the `SB_DISABLE_QUIRKS` environment (comma-separated list): []
2026-02-01 03:36:48,252 - DEBUG - Registered checkpoint save hook for _save
2026-02-01 03:36:48,252 - DEBUG - Registered checkpoint load hook for _recover
2026-02-01 03:36:50,271 - INFO - Lightning automatically upgraded your loaded checkpoint from v1.5.4 to v2.6.1. To apply the upgrade to your files permanently, run `python -m pytorch_lightning.utilities.upgrade_checkpoint C:\Users\Prafa\CODE\transcriber\.venv\Lib\site-packages\whisperx\assets\pytorch_model.bin`
2026-02-01 03:36:50,303 - INFO - 
[1/1] Transcribing: Caleb & Jenna2
2026-02-01 03:36:50,303 - INFO -   Already transcribed - skipping
2026-02-01 03:36:50,304 - INFO - 
================================================================================
2026-02-01 03:36:50,305 - INFO - ================================================================================
2026-02-01 03:36:59,349 - INFO - ================================================================================
2026-02-01 03:36:59,349 - INFO - Starting Robust WhisperX Transcriber
2026-02-01 03:36:59,350 - INFO - Output directory: C:\Users\Prafa\CODE\transcriber\output
2026-02-01 03:36:59,350 - INFO - ================================================================================
2026-02-01 03:36:59,350 - INFO - Importing whisperx (this may take a moment)...
2026-02-01 03:37:01,795 - INFO - Found 1 audio file(s)
2026-02-01 03:37:01,795 - INFO - 
Loading Whisper model...
2026-02-01 03:37:01,795 - INFO -   (First time may take 2-3 minutes and download ~75MB)
2026-02-01 03:37:08,812 - DEBUG - Registered checkpoint save hook for _speechbrain_save
2026-02-01 03:37:08,812 - DEBUG - Registered checkpoint load hook for _speechbrain_load
2026-02-01 03:37:08,813 - DEBUG - Registered checkpoint save hook for save
2026-02-01 03:37:08,813 - DEBUG - Registered checkpoint load hook for load
2026-02-01 03:37:09,228 - INFO - Applied quirks (see `speechbrain.utils.quirks`): [disable_jit_profiling, allow_tf32]
2026-02-01 03:37:09,229 - INFO - Excluded quirks specified by the `SB_DISABLE_QUIRKS` environment (comma-separated list): []
2026-02-01 03:37:09,230 - DEBUG - Registered checkpoint save hook for _save
2026-02-01 03:37:09,230 - DEBUG - Registered checkpoint load hook for _recover
2026-02-01 03:37:10,923 - INFO - Lightning automatically upgraded your loaded checkpoint from v1.5.4 to v2.6.1. To apply the upgrade to your files permanently, run `python -m pytorch_lightning.utilities.upgrade_checkpoint C:\Users\Prafa\CODE\transcriber\.venv\Lib\site-packages\whisperx\assets\pytorch_model.bin`
2026-02-01 03:37:10,952 - INFO - 
[1/1] Transcribing: Caleb & Jenna2
2026-02-01 03:37:10,953 - INFO -   Audio file: 19.2 MB
2026-02-01 03:37:10,953 - INFO -   Running transcription...
2026-02-01 03:37:50,052 - INFO -   Saved JSON
2026-02-01 03:37:50,053 - INFO -   Saved TXT
2026-02-01 03:37:50,054 - INFO - Saved colored HTML: output\Caleb & Jenna2\transcript_colored.html
2026-02-01 03:37:50,055 - INFO - Saved colored SRT: output\Caleb & Jenna2\transcript_colored.srt
2026-02-01 03:37:50,057 - INFO - 
================================================================================
2026-02-01 03:37:50,058 - INFO - ================================================================================
2026-02-01 03:41:55,307 - INFO - ================================================================================
2026-02-01 03:41:55,308 - INFO - Starting Robust WhisperX Transcriber
2026-02-01 03:41:55,308 - INFO - Output directory: C:\Users\Prafa\CODE\transcriber\output
2026-02-01 03:41:55,308 - INFO - ================================================================================
2026-02-01 03:41:55,308 - INFO - Importing whisperx (this may take a moment)...
2026-02-01 03:41:57,855 - INFO - Found 1 audio file(s)
2026-02-01 03:41:57,855 - INFO - 
Loading Whisper model...
2026-02-01 03:41:57,855 - INFO -   (First time may take 2-3 minutes and download ~75MB)
2026-02-01 03:42:06,235 - DEBUG - Registered checkpoint save hook for _speechbrain_save
2026-02-01 03:42:06,236 - DEBUG - Registered checkpoint load hook for _speechbrain_load
2026-02-01 03:42:06,236 - DEBUG - Registered checkpoint save hook for save
2026-02-01 03:42:06,237 - DEBUG - Registered checkpoint load hook for load
2026-02-01 03:42:06,633 - INFO - Applied quirks (see `speechbrain.utils.quirks`): [allow_tf32, disable_jit_profiling]
2026-02-01 03:42:06,634 - INFO - Excluded quirks specified by the `SB_DISABLE_QUIRKS` environment (comma-separated list): []
2026-02-01 03:42:06,636 - DEBUG - Registered checkpoint save hook for _save
2026-02-01 03:42:06,636 - DEBUG - Registered checkpoint load hook for _recover
2026-02-01 03:42:08,754 - INFO - Lightning automatically upgraded your loaded checkpoint from v1.5.4 to v2.6.1. To apply the upgrade to your files permanently, run `python -m pytorch_lightning.utilities.upgrade_checkpoint C:\Users\Prafa\CODE\transcriber\.venv\Lib\site-packages\whisperx\assets\pytorch_model.bin`
2026-02-01 03:42:08,782 - INFO - 
[1/1] Transcribing: Caleb & Jenna2
2026-02-01 03:42:08,782 - INFO -   Audio file: 19.2 MB
2026-02-01 03:42:08,782 - INFO -   Running transcription...
2026-02-01 03:42:49,443 - INFO -   Saved JSON
2026-02-01 03:42:49,444 - INFO -   Saved TXT
2026-02-01 03:42:49,450 - INFO - Saved colored HTML: output\Caleb & Jenna2\transcript_colored.html
2026-02-01 03:42:49,453 - INFO - Saved colored SRT: output\Caleb & Jenna2\transcript_colored.srt
2026-02-01 03:42:49,454 - INFO - 
================================================================================
2026-02-01 03:42:49,456 - INFO - ================================================================================
2026-02-01 03:43:25,380 - INFO - ================================================================================
2026-02-01 03:43:25,380 - INFO - Starting Robust WhisperX Transcriber
2026-02-01 03:43:25,381 - INFO - Output directory: C:\Users\Prafa\CODE\transcriber\output
2026-02-01 03:43:25,381 - INFO - ================================================================================
2026-02-01 03:43:25,381 - INFO - Importing whisperx (this may take a moment)...
2026-02-01 03:43:29,216 - INFO - Found 1 audio file(s)
2026-02-01 03:43:29,216 - INFO - 
Loading Whisper model...
2026-02-01 03:43:29,216 - INFO -   (First time may take 2-3 minutes and download ~75MB)
2026-02-01 03:43:40,794 - DEBUG - Registered checkpoint save hook for _speechbrain_save
2026-02-01 03:43:40,795 - DEBUG - Registered checkpoint load hook for _speechbrain_load
2026-02-01 03:43:40,795 - DEBUG - Registered checkpoint save hook for save
2026-02-01 03:43:40,795 - DEBUG - Registered checkpoint load hook for load
2026-02-01 03:43:41,405 - INFO - Applied quirks (see `speechbrain.utils.quirks`): [allow_tf32, disable_jit_profiling]
2026-02-01 03:43:41,406 - INFO - Excluded quirks specified by the `SB_DISABLE_QUIRKS` environment (comma-separated list): []
2026-02-01 03:43:41,407 - DEBUG - Registered checkpoint save hook for _save
2026-02-01 03:43:41,407 - DEBUG - Registered checkpoint load hook for _recover
2026-02-01 03:43:43,667 - INFO - Lightning automatically upgraded your loaded checkpoint from v1.5.4 to v2.6.1. To apply the upgrade to your files permanently, run `python -m pytorch_lightning.utilities.upgrade_checkpoint C:\Users\Prafa\CODE\transcriber\.venv\Lib\site-packages\whisperx\assets\pytorch_model.bin`
2026-02-01 03:43:43,701 - INFO - 
[1/1] Transcribing: Caleb & Jenna2
2026-02-01 03:43:43,702 - INFO -   Already transcribed - skipping
2026-02-01 03:43:43,702 - INFO - 
================================================================================
2026-02-01 03:43:43,703 - INFO - ================================================================================
2026-02-01 03:43:49,392 - INFO - ================================================================================
2026-02-01 03:43:49,393 - INFO - Starting Robust WhisperX Transcriber
2026-02-01 03:43:49,393 - INFO - Output directory: C:\Users\Prafa\CODE\transcriber\output
2026-02-01 03:43:49,393 - INFO - ================================================================================
2026-02-01 03:43:49,393 - INFO - Importing whisperx (this may take a moment)...
2026-02-01 03:43:52,434 - INFO - Found 1 audio file(s)
2026-02-01 03:43:52,435 - INFO - 
Loading Whisper model...
2026-02-01 03:43:52,435 - INFO -   (First time may take 2-3 minutes and download ~75MB)
2026-02-01 03:44:02,527 - DEBUG - Registered checkpoint save hook for _speechbrain_save
2026-02-01 03:44:02,527 - DEBUG - Registered checkpoint load hook for _speechbrain_load
2026-02-01 03:44:02,528 - DEBUG - Registered checkpoint save hook for save
2026-02-01 03:44:02,528 - DEBUG - Registered checkpoint load hook for load
2026-02-01 03:44:03,270 - INFO - Applied quirks (see `speechbrain.utils.quirks`): [disable_jit_profiling, allow_tf32]
2026-02-01 03:44:03,271 - INFO - Excluded quirks specified by the `SB_DISABLE_QUIRKS` environment (comma-separated list): []
2026-02-01 03:44:03,272 - DEBUG - Registered checkpoint save hook for _save
2026-02-01 03:44:03,272 - DEBUG - Registered checkpoint load hook for _recover
2026-02-01 03:44:05,991 - INFO - Lightning automatically upgraded your loaded checkpoint from v1.5.4 to v2.6.1. To apply the upgrade to your files permanently, run `python -m pytorch_lightning.utilities.upgrade_checkpoint C:\Users\Prafa\CODE\transcriber\.venv\Lib\site-packages\whisperx\assets\pytorch_model.bin`
2026-02-01 03:44:06,030 - INFO - 
[1/1] Transcribing: Caleb & Jenna2
2026-02-01 03:44:06,031 - INFO -   Already transcribed - skipping
2026-02-01 03:44:06,031 - INFO - 
================================================================================
2026-02-01 03:44:06,036 - INFO - ================================================================================
2026-02-01 03:44:16,465 - INFO - ================================================================================
2026-02-01 03:44:16,465 - INFO - Starting Robust WhisperX Transcriber
2026-02-01 03:44:16,466 - INFO - Output directory: C:\Users\Prafa\CODE\transcriber\output
2026-02-01 03:44:16,466 - INFO - ================================================================================
2026-02-01 03:44:16,466 - INFO - Importing whisperx (this may take a moment)...
2026-02-01 03:44:19,898 - INFO - Found 1 audio file(s)
2026-02-01 03:44:19,898 - INFO - 
Loading Whisper model...
2026-02-01 03:44:19,898 - INFO -   (First time may take 2-3 minutes and download ~75MB)
2026-02-01 03:44:27,915 - DEBUG - Registered checkpoint save hook for _speechbrain_save
2026-02-01 03:44:27,915 - DEBUG - Registered checkpoint load hook for _speechbrain_load
2026-02-01 03:44:27,915 - DEBUG - Registered checkpoint save hook for save
2026-02-01 03:44:27,915 - DEBUG - Registered checkpoint load hook for load
2026-02-01 03:44:28,390 - INFO - Applied quirks (see `speechbrain.utils.quirks`): [allow_tf32, disable_jit_profiling]
2026-02-01 03:44:28,390 - INFO - Excluded quirks specified by the `SB_DISABLE_QUIRKS` environment (comma-separated list): []
2026-02-01 03:44:28,391 - DEBUG - Registered checkpoint save hook for _save
2026-02-01 03:44:28,391 - DEBUG - Registered checkpoint load hook for _recover
2026-02-01 03:44:30,413 - INFO - Lightning automatically upgraded your loaded checkpoint from v1.5.4 to v2.6.1. To apply the upgrade to your files permanently, run `python -m pytorch_lightning.utilities.upgrade_checkpoint C:\Users\Prafa\CODE\transcriber\.venv\Lib\site-packages\whisperx\assets\pytorch_model.bin`
2026-02-01 03:44:30,442 - INFO - 
[1/1] Transcribing: Caleb & Jenna2
2026-02-01 03:44:30,442 - INFO -   Audio file: 19.2 MB
2026-02-01 03:44:30,442 - INFO -   Running transcription...
2026-02-01 03:45:10,972 - INFO -   Saved JSON
2026-02-01 03:45:10,973 - INFO -   Saved TXT
2026-02-01 03:45:10,978 - INFO - Saved colored HTML: output\Caleb & Jenna2\transcript_colored.html
2026-02-01 03:45:10,981 - INFO - Saved colored SRT: output\Caleb & Jenna2\transcript_colored.srt
2026-02-01 03:45:10,983 - INFO - 
================================================================================
2026-02-01 03:45:10,986 - INFO - ================================================================================
2026-02-01 17:05:35,193 - INFO - ================================================================================
2026-02-01 17:05:35,193 - INFO - Starting Robust WhisperX Transcriber
2026-02-01 17:05:35,194 - INFO - Output directory: C:\Users\Prafa\CODE\transcriber\output
2026-02-01 17:05:35,194 - INFO - ================================================================================
2026-02-01 17:05:35,194 - INFO - Importing whisperx (this may take a moment)...
2026-02-01 17:05:36,900 - INFO - Found 1 audio file(s)
2026-02-01 17:05:36,901 - INFO - 
Loading Whisper model...
2026-02-01 17:05:36,901 - INFO -   (First time may take 2-3 minutes and download ~75MB)
2026-02-01 17:05:42,577 - DEBUG - Registered checkpoint save hook for _speechbrain_save
2026-02-01 17:05:42,577 - DEBUG - Registered checkpoint load hook for _speechbrain_load
2026-02-01 17:05:42,578 - DEBUG - Registered checkpoint save hook for save
2026-02-01 17:05:42,578 - DEBUG - Registered checkpoint load hook for load
2026-02-01 17:05:43,235 - INFO - Applied quirks (see `speechbrain.utils.quirks`): [disable_jit_profiling, allow_tf32]
2026-02-01 17:05:43,236 - INFO - Excluded quirks specified by the `SB_DISABLE_QUIRKS` environment (comma-separated list): []
2026-02-01 17:05:43,237 - DEBUG - Registered checkpoint save hook for _save
2026-02-01 17:05:43,237 - DEBUG - Registered checkpoint load hook for _recover
2026-02-01 17:05:45,416 - INFO - Lightning automatically upgraded your loaded checkpoint from v1.5.4 to v2.6.1. To apply the upgrade to your files permanently, run `python -m pytorch_lightning.utilities.upgrade_checkpoint C:\Users\Prafa\CODE\transcriber\.venv\Lib\site-packages\whisperx\assets\pytorch_model.bin`
2026-02-01 17:05:45,453 - INFO - 
[1/1] Transcribing: Caleb & Jenna2
2026-02-01 17:05:45,453 - INFO -   Audio file: 19.2 MB
2026-02-01 17:05:45,453 - INFO -   Running transcription...
2026-02-01 17:05:45,464 - ERROR -   ERROR: [WinError 2] The system cannot find the file specified
Traceback (most recent call last):
  File "C:\Users\Prafa\CODE\transcriber\transcribe_robust.py", line 101, in transcribe
    result = model.transcribe(str(audio_path), batch_size=BATCH_SIZE)
  File "C:\Users\Prafa\CODE\transcriber\.venv\Lib\site-packages\whisperx\asr.py", line 205, in transcribe
    audio = load_audio(audio)
  File "C:\Users\Prafa\CODE\transcriber\.venv\Lib\site-packages\whisperx\audio.py", line 61, in load_audio
    out = subprocess.run(cmd, capture_output=True, check=True).stdout
          ~~~~~~~~~~~~~~^^^^^^^^^^^^^^^^^^^^^^^^^^^^^^^^^^^^^^
  File "C:\Python313\Lib\subprocess.py", line 554, in run
    with Popen(*popenargs, **kwargs) as process:
         ~~~~~^^^^^^^^^^^^^^^^^^^^^^
  File "C:\Python313\Lib\subprocess.py", line 1039, in __init__
    self._execute_child(args, executable, preexec_fn, close_fds,
    ~~~~~~~~~~~~~~~~~~~^^^^^^^^^^^^^^^^^^^^^^^^^^^^^^^^^^^^^^^^^
                        pass_fds, cwd, env,
                        ^^^^^^^^^^^^^^^^^^^
    ...<5 lines>...
                        gid, gids, uid, umask,
                        ^^^^^^^^^^^^^^^^^^^^^^
                        start_new_session, process_group)
                        ^^^^^^^^^^^^^^^^^^^^^^^^^^^^^^^^^
  File "C:\Python313\Lib\subprocess.py", line 1554, in _execute_child
    hp, ht, pid, tid = _winapi.CreateProcess(executable, args,
                       ~~~~~~~~~~~~~~~~~~~~~^^^^^^^^^^^^^^^^^^
                             # no special security
                             ^^^^^^^^^^^^^^^^^^^^^
    ...<4 lines>...
                             cwd,
                             ^^^^
                             startupinfo)
                             ^^^^^^^^^^^^
FileNotFoundError: [WinError 2] The system cannot find the file specified
2026-02-01 17:05:45,471 - INFO - 
================================================================================
2026-02-01 17:05:45,474 - INFO - ================================================================================
2026-02-01 17:07:44,335 - INFO - ================================================================================
2026-02-01 17:07:44,336 - INFO - Starting Robust WhisperX Transcriber
2026-02-01 17:07:44,336 - INFO - Output directory: C:\Users\Prafa\CODE\transcriber\output
2026-02-01 17:07:44,336 - INFO - ================================================================================
2026-02-01 17:07:44,337 - INFO - Importing whisperx (this may take a moment)...
2026-02-01 17:07:45,769 - INFO - Found 1 audio file(s)
2026-02-01 17:07:45,769 - INFO - 
Loading Whisper model...
2026-02-01 17:07:45,770 - INFO -   (First time may take 2-3 minutes and download ~75MB)
2026-02-01 17:07:49,736 - DEBUG - Registered checkpoint save hook for _speechbrain_save
2026-02-01 17:07:49,737 - DEBUG - Registered checkpoint load hook for _speechbrain_load
2026-02-01 17:07:49,737 - DEBUG - Registered checkpoint save hook for save
2026-02-01 17:07:49,738 - DEBUG - Registered checkpoint load hook for load
2026-02-01 17:07:50,043 - INFO - Applied quirks (see `speechbrain.utils.quirks`): [allow_tf32, disable_jit_profiling]
2026-02-01 17:07:50,043 - INFO - Excluded quirks specified by the `SB_DISABLE_QUIRKS` environment (comma-separated list): []
2026-02-01 17:07:50,044 - DEBUG - Registered checkpoint save hook for _save
2026-02-01 17:07:50,044 - DEBUG - Registered checkpoint load hook for _recover
2026-02-01 17:07:51,504 - INFO - Lightning automatically upgraded your loaded checkpoint from v1.5.4 to v2.6.1. To apply the upgrade to your files permanently, run `python -m pytorch_lightning.utilities.upgrade_checkpoint C:\Users\Prafa\CODE\transcriber\.venv\Lib\site-packages\whisperx\assets\pytorch_model.bin`
2026-02-01 17:07:51,523 - INFO - 
[1/1] Transcribing: Caleb & Jenna2
2026-02-01 17:07:51,524 - INFO -   Audio file: 19.2 MB
2026-02-01 17:07:51,524 - INFO -   Running transcription...
2026-02-01 17:07:51,529 - ERROR -   ERROR: [WinError 2] The system cannot find the file specified
Traceback (most recent call last):
  File "C:\Users\Prafa\CODE\transcriber\transcribe_robust.py", line 101, in transcribe
    result = model.transcribe(str(audio_path), batch_size=BATCH_SIZE)
  File "C:\Users\Prafa\CODE\transcriber\.venv\Lib\site-packages\whisperx\asr.py", line 205, in transcribe
    audio = load_audio(audio)
  File "C:\Users\Prafa\CODE\transcriber\.venv\Lib\site-packages\whisperx\audio.py", line 61, in load_audio
    out = subprocess.run(cmd, capture_output=True, check=True).stdout
          ~~~~~~~~~~~~~~^^^^^^^^^^^^^^^^^^^^^^^^^^^^^^^^^^^^^^
  File "C:\Python313\Lib\subprocess.py", line 554, in run
    with Popen(*popenargs, **kwargs) as process:
         ~~~~~^^^^^^^^^^^^^^^^^^^^^^
  File "C:\Python313\Lib\subprocess.py", line 1039, in __init__
    self._execute_child(args, executable, preexec_fn, close_fds,
    ~~~~~~~~~~~~~~~~~~~^^^^^^^^^^^^^^^^^^^^^^^^^^^^^^^^^^^^^^^^^
                        pass_fds, cwd, env,
                        ^^^^^^^^^^^^^^^^^^^
    ...<5 lines>...
                        gid, gids, uid, umask,
                        ^^^^^^^^^^^^^^^^^^^^^^
                        start_new_session, process_group)
                        ^^^^^^^^^^^^^^^^^^^^^^^^^^^^^^^^^
  File "C:\Python313\Lib\subprocess.py", line 1554, in _execute_child
    hp, ht, pid, tid = _winapi.CreateProcess(executable, args,
                       ~~~~~~~~~~~~~~~~~~~~~^^^^^^^^^^^^^^^^^^
                             # no special security
                             ^^^^^^^^^^^^^^^^^^^^^
    ...<4 lines>...
                             cwd,
                             ^^^^
                             startupinfo)
                             ^^^^^^^^^^^^
FileNotFoundError: [WinError 2] The system cannot find the file specified
2026-02-01 17:07:51,532 - INFO - 
================================================================================
2026-02-01 17:07:51,533 - INFO - ================================================================================
2026-02-01 17:08:48,470 - INFO - ================================================================================
2026-02-01 17:08:48,471 - INFO - Starting Robust WhisperX Transcriber
2026-02-01 17:08:48,471 - INFO - Output directory: C:\Users\Prafa\CODE\transcriber\output
2026-02-01 17:08:48,471 - INFO - ================================================================================
2026-02-01 17:08:48,471 - INFO - Importing whisperx (this may take a moment)...
2026-02-01 17:08:49,925 - INFO - Found 1 audio file(s)
2026-02-01 17:08:49,925 - INFO - 
Loading Whisper model...
2026-02-01 17:08:49,925 - INFO -   (First time may take 2-3 minutes and download ~75MB)
2026-02-01 17:08:53,849 - DEBUG - Registered checkpoint save hook for _speechbrain_save
2026-02-01 17:08:53,850 - DEBUG - Registered checkpoint load hook for _speechbrain_load
2026-02-01 17:08:53,850 - DEBUG - Registered checkpoint save hook for save
2026-02-01 17:08:53,850 - DEBUG - Registered checkpoint load hook for load
2026-02-01 17:08:54,156 - INFO - Applied quirks (see `speechbrain.utils.quirks`): [disable_jit_profiling, allow_tf32]
2026-02-01 17:08:54,156 - INFO - Excluded quirks specified by the `SB_DISABLE_QUIRKS` environment (comma-separated list): []
2026-02-01 17:08:54,157 - DEBUG - Registered checkpoint save hook for _save
2026-02-01 17:08:54,158 - DEBUG - Registered checkpoint load hook for _recover
2026-02-01 17:08:55,950 - INFO - Lightning automatically upgraded your loaded checkpoint from v1.5.4 to v2.6.1. To apply the upgrade to your files permanently, run `python -m pytorch_lightning.utilities.upgrade_checkpoint C:\Users\Prafa\CODE\transcriber\.venv\Lib\site-packages\whisperx\assets\pytorch_model.bin`
2026-02-01 17:08:55,970 - INFO - 
[1/1] Transcribing: Caleb & Jenna2
2026-02-01 17:08:55,970 - INFO -   Audio file: 19.2 MB
2026-02-01 17:08:55,970 - INFO -   Running transcription...
2026-02-01 17:08:55,977 - ERROR -   ERROR: [WinError 2] The system cannot find the file specified
Traceback (most recent call last):
  File "C:\Users\Prafa\CODE\transcriber\transcribe_robust.py", line 101, in transcribe
    result = model.transcribe(str(audio_path), batch_size=BATCH_SIZE)
  File "C:\Users\Prafa\CODE\transcriber\.venv\Lib\site-packages\whisperx\asr.py", line 205, in transcribe
    audio = load_audio(audio)
  File "C:\Users\Prafa\CODE\transcriber\.venv\Lib\site-packages\whisperx\audio.py", line 61, in load_audio
    out = subprocess.run(cmd, capture_output=True, check=True).stdout
          ~~~~~~~~~~~~~~^^^^^^^^^^^^^^^^^^^^^^^^^^^^^^^^^^^^^^
  File "C:\Python313\Lib\subprocess.py", line 554, in run
    with Popen(*popenargs, **kwargs) as process:
         ~~~~~^^^^^^^^^^^^^^^^^^^^^^
  File "C:\Python313\Lib\subprocess.py", line 1039, in __init__
    self._execute_child(args, executable, preexec_fn, close_fds,
    ~~~~~~~~~~~~~~~~~~~^^^^^^^^^^^^^^^^^^^^^^^^^^^^^^^^^^^^^^^^^
                        pass_fds, cwd, env,
                        ^^^^^^^^^^^^^^^^^^^
    ...<5 lines>...
                        gid, gids, uid, umask,
                        ^^^^^^^^^^^^^^^^^^^^^^
                        start_new_session, process_group)
                        ^^^^^^^^^^^^^^^^^^^^^^^^^^^^^^^^^
  File "C:\Python313\Lib\subprocess.py", line 1554, in _execute_child
    hp, ht, pid, tid = _winapi.CreateProcess(executable, args,
                       ~~~~~~~~~~~~~~~~~~~~~^^^^^^^^^^^^^^^^^^
                             # no special security
                             ^^^^^^^^^^^^^^^^^^^^^
    ...<4 lines>...
                             cwd,
                             ^^^^
                             startupinfo)
                             ^^^^^^^^^^^^
FileNotFoundError: [WinError 2] The system cannot find the file specified
2026-02-01 17:08:55,981 - INFO - 
================================================================================
2026-02-01 17:08:55,982 - INFO - ================================================================================
2026-02-01 17:47:01,411 - INFO - ================================================================================
2026-02-01 17:47:01,411 - INFO - Starting Robust WhisperX Transcriber
2026-02-01 17:47:01,411 - INFO - Output directory: C:\Users\Prafa\CODE\transcriber\output
2026-02-01 17:47:01,411 - INFO - ================================================================================
2026-02-01 17:47:01,412 - INFO - Importing whisperx (this may take a moment)...
2026-02-01 17:47:03,174 - INFO - Found 1 audio file(s)
2026-02-01 17:47:03,174 - INFO - 
Loading Whisper model...
2026-02-01 17:47:03,174 - INFO -   (First time may take 2-3 minutes and download ~75MB)
2026-02-01 17:47:08,796 - DEBUG - Registered checkpoint save hook for _speechbrain_save
2026-02-01 17:47:08,796 - DEBUG - Registered checkpoint load hook for _speechbrain_load
2026-02-01 17:47:08,796 - DEBUG - Registered checkpoint save hook for save
2026-02-01 17:47:08,797 - DEBUG - Registered checkpoint load hook for load
2026-02-01 17:47:09,112 - INFO - Applied quirks (see `speechbrain.utils.quirks`): [disable_jit_profiling, allow_tf32]
2026-02-01 17:47:09,113 - INFO - Excluded quirks specified by the `SB_DISABLE_QUIRKS` environment (comma-separated list): []
2026-02-01 17:47:09,113 - DEBUG - Registered checkpoint save hook for _save
2026-02-01 17:47:09,114 - DEBUG - Registered checkpoint load hook for _recover
2026-02-01 17:47:09,928 - WARNING - 
!!! Received signal 2 - saving progress and exiting gracefully...
